#
# There is insufficient memory for the Java Runtime Environment to continue.
# Native memory allocation (malloc) failed to allocate 587296 bytes for Chunk::new
# Possible reasons:
#   The system is out of physical RAM or swap space
#   In 32 bit mode, the process size limit was hit
# Possible solutions:
#   Reduce memory load on the system
#   Increase physical memory or swap space
#   Check if swap backing store is full
#   Use 64 bit Java on a 64 bit OS
#   Decrease Java heap size (-Xmx/-Xms)
#   Decrease number of Java threads
#
#  Out of Memory Error, pid=13672
#
0x000007fa8b1d0000 - 0x000007fa8b209000 	C:\Windows\system32\IMM32.DLL
0x000007fa89e50000 - 0x000007fa89f65000 	C:\Windows\system32\MSCTF.dll
0x000007fa7eb00000 - 0x000007fa7eb23000 	C:\Windows\SYSTEM32\f_im.dll
0x0000000180000000 - 0x000000018002a000 	C:\Program Files\Fasoo DRM\f_nxa.dll
0x0000000061000000 - 0x00000000610ba000 	C:\Program Files\Fasoo DRM\f_sps.dll
0x000007fa83f60000 - 0x000007fa83f69000 	C:\Windows\SYSTEM32\VERSION.dll
0x000007fa8b470000 - 0x000007fa8c750000 	C:\Windows\system32\SHELL32.dll
0x000007fa8aa20000 - 0x000007fa8ab9e000 	C:\Windows\system32\ole32.dll
0x000007fa8a4c0000 - 0x000007fa8a583000 	C:\Windows\system32\OLEAUT32.dll
0x0000000050e60000 - 0x0000000050e8f000 	C:\Windows\WinSxS\amd64_microsoft.vc90.atl_1fc8b3b9a1e18e3b_9.0.30729.6161_none_0a1fd3a3a768b895\ATL90.DLL
0x000007fa8a1b0000 - 0x000007fa8a1b7000 	C:\Windows\system32\PSAPI.DLL
0x000007fa8a590000 - 0x000007fa8a740000 	C:\Windows\SYSTEM32\combase.dll
0x000007fa89b50000 - 0x000007fa89ba0000 	C:\Windows\system32\SHLWAPI.dll
0x000007fa84910000 - 0x000007fa8498d000 	C:\Windows\SYSTEM32\winspool.drv
0x0000000010000000 - 0x0000000010033000 	C:\Windows\SYSTEM32\f_pbrc12.dll
0x000007fa87ae0000 - 0x000007fa87b01000 	C:\Windows\SYSTEM32\dwmapi.dll
0x0000000050bf0000 - 0x0000000050cc2000 	C:\Program Files\Java\jdk1.8.0_91\jre\bin\msvcr100.dll
0x0000000051750000 - 0x0000000051fe3000 	C:\Program Files\Java\jdk1.8.0_91\jre\bin\server\jvm.dll
0x000007fa815f0000 - 0x000007fa815f9000 	C:\Windows\SYSTEM32\WSOCK32.dll
0x000007fa84c10000 - 0x000007fa84c30000 	C:\Windows\SYSTEM32\WINMM.dll
0x000007fa8b330000 - 0x000007fa8b388000 	C:\Windows\system32\WS2_32.dll
0x000007fa84b40000 - 0x000007fa84b72000 	C:\Windows\SYSTEM32\WINMMBASE.dll
0x000007fa8b270000 - 0x000007fa8b279000 	C:\Windows\system32\NSI.dll
0x0000000051740000 - 0x000000005174f000 	C:\Program Files\Java\jdk1.8.0_91\jre\bin\verify.dll
0x00000000516f0000 - 0x0000000051719000 	C:\Program Files\Java\jdk1.8.0_91\jre\bin\java.dll
0x00000000516d0000 - 0x00000000516e6000 	C:\Program Files\Java\jdk1.8.0_91\jre\bin\zip.dll
0x000007fa87750000 - 0x000007fa877e6000 	C:\Windows\SYSTEM32\SHCORE.dll
0x000007fa89610000 - 0x000007fa89625000 	C:\Windows\SYSTEM32\profapi.dll

VM Arguments:
jvm_args: -Djava.awt.headless=true -Xmx1024M -Dfile.encoding=x-windows-949 -Duser.country=KR -Duser.language=ko -Duser.variant 
java_command: com.android.dx.command.Main --dex --num-threads=4 --multi-dex --main-dex-list C:\Users\eunhye\Documents\showmethemoney\android\Smtm2\app\build\intermediates\multi-dex\debug\maindexlist.txt --output C:\Users\eunhye\Documents\showmethemoney\android\Smtm2\app\build\intermediates\transforms\dex\debug\folders\1000\1f\main C:\Users\eunhye\Documents\showmethemoney\android\Smtm2\app\build\intermediates\transforms\jarMerging\debug\jars\1\1f\combined.jar
java_class_path (initial): C:\Users\eunhye\AppData\Local\Android\sdk\build-tools\23.0.3\lib\dx.jar
Launcher Type: SUN_STANDARD

Environment Variables:
JAVA_HOME=C:\Program Files\Java\jdk1.8.0_91
CLASSPATH=C:\Program Files\Java\jdk1.8.0_91lib\tools.jar
PATH=C:\ProgramData\Oracle\Java\javapath;C:\Program Files (x86)\Intel\iCLS Client\;C:\Program Files\Intel\iCLS Client\;C:\Windows\system32;C:\Windows;C:\Windows\System32\Wbem;C:\Windows\System32\WindowsPowerShell\v1.0\;C:\Program Files (x86)\Windows Live\Shared;C:\Program Files\Intel\Intel(R) Management Engine Components\DAL;C:\Program Files\Intel\Intel(R) Management Engine Components\IPT;C:\Program Files (x86)\Intel\Intel(R) Management Engine Components\DAL;C:\Program Files (x86)\Intel\Intel(R) Management Engine Components\IPT;C:\Program Files\Intel\WiFi\bin\;C:\Program Files\Common Files\Intel\WirelessCommon\;C:\Program Files (x86)\Intel\OpenCL SDK\3.0\bin\x86;C:\Program Files (x86)\Intel\OpenCL SDK\3.0\bin\x64;C:\Program Files\Java\jdk1.8.0_91\bin;C:\APM_Setup\Server\Apache\bin;C:\APM_Setup\Server\MySQL5\bin;C:\APM_Setup\Server\PHP5;C:\MEAN\NodeJS\;C:\Program Files\Git\cmd;C:\Users\eunhye\AppData\Roaming\npm
USERNAME=eunhye
OS=Windows_NT
PROCESSOR_IDENTIFIER=Intel64 Family 6 Model 69 Stepping 1, GenuineIntel



---------------  S Y S T E M  ---------------

OS: Windows 8 , 64 bit Build 9200 (6.2.9200.16604)

CPU:total 4 (2 cores per cpu, 2 threads per core) family 6 model 69 stepping 1, cmov, cx8, fxsr, mmx, sse, sse2, sse3, ssse3, sse4.1, sse4.2, popcnt, avx, avx2, aes, clmul, erms, lzcnt, ht, tsc, tscinvbit, bmi1, bmi2

Memory: 4k page, physical 4100116k(112568k free), swap 16683028k(1632k free)

vm_info: Java HotSpot(TM) 64-Bit Server VM (25.91-b15) for windows-amd64 JRE (1.8.0_91-b15), built on May 20 2016 17:43:15 by "java_re" with MS VC++ 10.0 (VS2010)

time: Sun Sep 04 16:57:56 2016
elapsed time: 22 seconds (0d 0h 0m 22s)

